Unsupposrted library path: C:\Users\Kristina\Downloads\penismodminecraft\build\classes\java\api
Unsupposrted library path: C:\Users\Kristina\Downloads\penismodminecraft\build\resources\api
Symbol range map extraction starting
Processing 49 files
startProcessing "net/mcreator/penismod/ClientProxyPenismod.java" md5: fe81291d9c62e5c52ac9f7f48f0f0a10
endProcessing "net/mcreator/penismod/ClientProxyPenismod.java"

startProcessing "net/mcreator/penismod/ElementsPenismod.java" md5: 291fed8e95ee00d3aa64f255ea91039a
endProcessing "net/mcreator/penismod/ElementsPenismod.java"

startProcessing "net/mcreator/penismod/IProxyPenismod.java" md5: a9bc5c404078a8e28e5f06e76947167c
endProcessing "net/mcreator/penismod/IProxyPenismod.java"

startProcessing "net/mcreator/penismod/Penismod.java" md5: e1a6e61ed40808bb01c59d19a1300afc
endProcessing "net/mcreator/penismod/Penismod.java"

startProcessing "net/mcreator/penismod/PenismodVariables.java" md5: 6719196e9760680ac3a2ac07efedeaae
endProcessing "net/mcreator/penismod/PenismodVariables.java"

startProcessing "net/mcreator/penismod/ServerProxyPenismod.java" md5: 50844b67fec77727fe4cfd71f2933cf8
endProcessing "net/mcreator/penismod/ServerProxyPenismod.java"

startProcessing "net/mcreator/penismod/block/BlockCatTwo.java" md5: 75c93ea1fe45db33649553fa3d224b87
endProcessing "net/mcreator/penismod/block/BlockCatTwo.java"

startProcessing "net/mcreator/penismod/block/BlockCum.java" md5: 95a19f0addeb6b9a83886cada855a53a
endProcessing "net/mcreator/penismod/block/BlockCum.java"

startProcessing "net/mcreator/penismod/block/BlockMaxwellblock.java" md5: 57e3372198ed544da1c3f16c4257632e
endProcessing "net/mcreator/penismod/block/BlockMaxwellblock.java"

startProcessing "net/mcreator/penismod/block/BlockOctopusDildo.java" md5: a49dd754e035bda0b4b6d1d156931ae1
endProcessing "net/mcreator/penismod/block/BlockOctopusDildo.java"

startProcessing "net/mcreator/penismod/block/BlockPenisBlock.java" md5: 5440f6a77216bc9323c66957d0713fbe
endProcessing "net/mcreator/penismod/block/BlockPenisBlock.java"

startProcessing "net/mcreator/penismod/block/BlockPenisFence.java" md5: 3c3ee6bc490272816a14cfd166d6af68
endProcessing "net/mcreator/penismod/block/BlockPenisFence.java"

startProcessing "net/mcreator/penismod/block/BlockPenisHalfBlock.java" md5: 993e1a5950644872a8fbb120e9dcb52f
endProcessing "net/mcreator/penismod/block/BlockPenisHalfBlock.java"

startProcessing "net/mcreator/penismod/block/BlockPenisOre.java" md5: 47f3b1d6f7014f2c171088b9f4acb318
endProcessing "net/mcreator/penismod/block/BlockPenisOre.java"

startProcessing "net/mcreator/penismod/block/BlockPenisStairs.java" md5: f2cbd991b4c157a673d83e197a05822c
endProcessing "net/mcreator/penismod/block/BlockPenisStairs.java"

startProcessing "net/mcreator/penismod/block/BlockScalaSummoner.java" md5: 7622bbb713c5b643d5034ae44e59c146
endProcessing "net/mcreator/penismod/block/BlockScalaSummoner.java"

startProcessing "net/mcreator/penismod/block/BlockSummoner.java" md5: 26f74d74594627e0d716aadd12705177
endProcessing "net/mcreator/penismod/block/BlockSummoner.java"

startProcessing "net/mcreator/penismod/block/BlockTestblock.java" md5: 825a65da6ab01baee9a1e5d772ac6c55
endProcessing "net/mcreator/penismod/block/BlockTestblock.java"

startProcessing "net/mcreator/penismod/entity/EntityAida.java" md5: 6b77b1bdda32b7b03b183867703e7846
endProcessing "net/mcreator/penismod/entity/EntityAida.java"

startProcessing "net/mcreator/penismod/entity/EntityCumgolem.java" md5: 1a42e1aa72b2cdbf5b971dad84fd0d03
endProcessing "net/mcreator/penismod/entity/EntityCumgolem.java"

startProcessing "net/mcreator/penismod/entity/EntityPENISVILLAGER.java" md5: ad50f6aceaa74752a43377a320b0d279
endProcessing "net/mcreator/penismod/entity/EntityPENISVILLAGER.java"

startProcessing "net/mcreator/penismod/entity/EntitySkala.java" md5: 5400cf00fa9f3140acb77ed39b55d7ed
endProcessing "net/mcreator/penismod/entity/EntitySkala.java"

startProcessing "net/mcreator/penismod/item/ItemBebraitem.java" md5: 1709752e6df64dec9559c4d2f83930f0
endProcessing "net/mcreator/penismod/item/ItemBebraitem.java"

startProcessing "net/mcreator/penismod/item/ItemBomb.java" md5: ede98f2070be48afbe058ee803d70062
endProcessing "net/mcreator/penismod/item/ItemBomb.java"

startProcessing "net/mcreator/penismod/item/ItemCumpot.java" md5: da067568162ffab33b4d3c6f0c7eb528
endProcessing "net/mcreator/penismod/item/ItemCumpot.java"

startProcessing "net/mcreator/penismod/item/ItemHuesospotionnn.java" md5: 3ef1ae7cc1b4aec6dcd851442aa934a4
endProcessing "net/mcreator/penismod/item/ItemHuesospotionnn.java"

startProcessing "net/mcreator/penismod/item/ItemHuy.java" md5: b5179ab102efbb4c9362a1ba0053c297
endProcessing "net/mcreator/penismod/item/ItemHuy.java"

startProcessing "net/mcreator/penismod/item/ItemMaxwellpick.java" md5: 11ff6ddf58b3d88e7cd6e5beb51e7c64
endProcessing "net/mcreator/penismod/item/ItemMaxwellpick.java"

startProcessing "net/mcreator/penismod/item/ItemMegaBomb.java" md5: 0036511ec59707d8caab06ad1937c209
endProcessing "net/mcreator/penismod/item/ItemMegaBomb.java"

startProcessing "net/mcreator/penismod/item/ItemPenisGem.java" md5: f05dac5a8439c8f5fa3baa17018ea2bd
endProcessing "net/mcreator/penismod/item/ItemPenisGem.java"

startProcessing "net/mcreator/penismod/item/ItemPenislegend.java" md5: a3af982b5da955c6077c81ff4b50ce67
endProcessing "net/mcreator/penismod/item/ItemPenislegend.java"

startProcessing "net/mcreator/penismod/item/ItemPickPenis.java" md5: 86fda87c4c8a89d74e9353f195a45166
endProcessing "net/mcreator/penismod/item/ItemPickPenis.java"

startProcessing "net/mcreator/penismod/item/crafting/RecipePenis.java" md5: 9e5c97f78c58797fe8ad7d85db64d723
endProcessing "net/mcreator/penismod/item/crafting/RecipePenis.java"

startProcessing "net/mcreator/penismod/potion/PotionHuesospotion.java" md5: 19f7f03bac711a99de86d2325e7294e6
endProcessing "net/mcreator/penismod/potion/PotionHuesospotion.java"

startProcessing "net/mcreator/penismod/procedure/ProcedureAidaEntityDies.java" md5: 456d9a6bb37d9a3cfefb0da1e5b423f8
endProcessing "net/mcreator/penismod/procedure/ProcedureAidaEntityDies.java"

startProcessing "net/mcreator/penismod/procedure/ProcedureAidaEntityFalls.java" md5: 50c6b82fc4a08634eebf5b28b3a9ded6
endProcessing "net/mcreator/penismod/procedure/ProcedureAidaEntityFalls.java"

startProcessing "net/mcreator/penismod/procedure/ProcedureBebraitemRangedItemUsed.java" md5: 2d31c6fe763027636cbf232b1cfa9d00
endProcessing "net/mcreator/penismod/procedure/ProcedureBebraitemRangedItemUsed.java"

startProcessing "net/mcreator/penismod/procedure/ProcedureBombRightClickedInAir.java" md5: 608c37ab6cceaee5224c738b1d489b56
endProcessing "net/mcreator/penismod/procedure/ProcedureBombRightClickedInAir.java"

startProcessing "net/mcreator/penismod/procedure/ProcedureCheckgemsinslotproc.java" md5: 8ed673defc12bed75478b566dc762e0c
endProcessing "net/mcreator/penismod/procedure/ProcedureCheckgemsinslotproc.java"

startProcessing "net/mcreator/penismod/procedure/ProcedureCheckgolem.java" md5: 9fea8ad06180c538d1bc0fd03bf59530
endProcessing "net/mcreator/penismod/procedure/ProcedureCheckgolem.java"

startProcessing "net/mcreator/penismod/procedure/ProcedureCumpotRightClickedOnBlock.java" md5: f169405285384a33e8aee2318b2e7a9e
endProcessing "net/mcreator/penismod/procedure/ProcedureCumpotRightClickedOnBlock.java"

startProcessing "net/mcreator/penismod/procedure/ProcedureHuesospotionPotionStartedapplied.java" md5: fabf18586127506b2f218bc490cf6480
endProcessing "net/mcreator/penismod/procedure/ProcedureHuesospotionPotionStartedapplied.java"

startProcessing "net/mcreator/penismod/procedure/ProcedureHuyRightClickedOnBlock.java" md5: 8b7e5274f8d9f737376de4d2e170a1d8
endProcessing "net/mcreator/penismod/procedure/ProcedureHuyRightClickedOnBlock.java"

startProcessing "net/mcreator/penismod/procedure/ProcedureMegaBombBulletHitsBlock.java" md5: 518bdad7e6535da11b297d76c6ff1fd3
endProcessing "net/mcreator/penismod/procedure/ProcedureMegaBombBulletHitsBlock.java"

startProcessing "net/mcreator/penismod/procedure/ProcedureOnboss1.java" md5: 1f43b3ead58cd63535a72322043287fe
endProcessing "net/mcreator/penismod/procedure/ProcedureOnboss1.java"

startProcessing "net/mcreator/penismod/procedure/ProcedurePickPenisBlockDestroyedWithTool.java" md5: 8d8c903e4ec3c94a50d29ec75a66b622
endProcessing "net/mcreator/penismod/procedure/ProcedurePickPenisBlockDestroyedWithTool.java"

startProcessing "net/mcreator/penismod/procedure/ProcedureScalaclickspawn.java" md5: 329bb241ed39b08f69215c87cd910bb1
endProcessing "net/mcreator/penismod/procedure/ProcedureScalaclickspawn.java"

startProcessing "net/mcreator/penismod/procedure/ProcedureSkalaThisEntityKillsAnotherOne.java" md5: 6ce3e991b58a1b735c2dc7e1f9cdc25d
endProcessing "net/mcreator/penismod/procedure/ProcedureSkalaThisEntityKillsAnotherOne.java"

startProcessing "net/mcreator/penismod/procedure/ProcedureSummonerOnBlockRightClicked.java" md5: f69e304564e03d8033eeeb83c9384d6e
endProcessing "net/mcreator/penismod/procedure/ProcedureSummonerOnBlockRightClicked.java"

